<?xml version="1.0" encoding="UTF-8"?>
<!-- Generated by org.testng.reporters.JUnitReportReporter -->
<testsuite hostname="DESKTOP-R6Q0H6T" failures="0" tests="2" name="com.crm.practise.Assert_Dataprovider" time="0.008" errors="0" timestamp="2022-04-06T16:18:36 IST" skipped="0">
  <testcase classname="com.crm.practise.Assert_Dataprovider" name="assert_dataprovider" time="0.002"/>
  <system-out/>
  <testcase classname="com.crm.practise.Assert_Dataprovider" name="assert_dataprovider" time="0.006"/>
  <system-out/>
</testsuite> <!-- com.crm.practise.Assert_Dataprovider -->
