<?xml version="1.0" encoding="UTF-8"?>
<!-- Generated by org.testng.reporters.JUnitReportReporter -->
<testsuite hostname="DESKTOP-R6Q0H6T" failures="0" tests="3" name="com.crm.practise.CreateTestNGTest" time="0.002" errors="0" timestamp="2022-04-06T16:18:36 IST" skipped="0">
  <testcase classname="com.crm.practise.CreateTestNGTest" name="lucky1" time="0.001"/>
  <system-out>
    <![CDATA[hello]]>
  </system-out>
  <testcase classname="com.crm.practise.CreateTestNGTest" name="lucky2" time="0.001"/>
  <system-out>
    <![CDATA[All rounder SDET]]>
  </system-out>
  <testcase classname="com.crm.practise.CreateTestNGTest" name="lucky" time="0.000"/>
  <system-out>
    <![CDATA[hi]]>
  </system-out>
</testsuite> <!-- com.crm.practise.CreateTestNGTest -->
