<?xml version="1.0" encoding="UTF-8"?>
<!-- Generated by org.testng.reporters.JUnitReportReporter -->
<testsuite hostname="DESKTOP-R6Q0H6T" failures="0" tests="1" name="com.crm.practise.Batch_Execution" time="0.015" errors="0" timestamp="2022-04-06T17:43:46 IST" skipped="0">
  <testcase classname="com.crm.practise.Batch_Execution" name="Lucky3" time="0.015"/>
  <system-out>
    <![CDATA[test3]]>
  </system-out>
</testsuite> <!-- com.crm.practise.Batch_Execution -->
