<?xml version="1.0" encoding="UTF-8"?>
<!-- Generated by org.testng.reporters.JUnitReportReporter -->
<testsuite hostname="DESKTOP-R6Q0H6T" failures="0" tests="1" name="com.crm.practise.LuckyTest" time="26.672" errors="0" timestamp="2022-04-12T16:58:18 IST" skipped="0">
  <testcase classname="com.crm.practise.LuckyTest" name="luckyTest" time="26.672"/>
  <system-out>
    <![CDATA[details verified succesfully]]>
  </system-out>
</testsuite> <!-- com.crm.practise.LuckyTest -->
