<?xml version="1.0" encoding="UTF-8"?>
<!-- Generated by org.testng.reporters.JUnitReportReporter -->
<testsuite hostname="DESKTOP-R6Q0H6T" failures="0" tests="29" name="com.crm.practise.MultipleDataUsingDataprovider" time="0.064" errors="0" timestamp="2022-04-06T16:18:36 IST" skipped="0">
  <testcase classname="com.crm.practise.MultipleDataUsingDataprovider" name="readexcel" time="0.002"/>
  <system-out>
    <![CDATA[LuckyRaj===1.0]]>
  </system-out>
  <testcase classname="com.crm.practise.MultipleDataUsingDataprovider" name="readexcel" time="0.003"/>
  <system-out>
    <![CDATA[LuckyRaj===1.0]]>
  </system-out>
  <testcase classname="com.crm.practise.MultipleDataUsingDataprovider" name="readexcel" time="0.002"/>
  <system-out>
    <![CDATA[LuckyRaj===1.0]]>
  </system-out>
  <testcase classname="com.crm.practise.MultipleDataUsingDataprovider" name="readexcel" time="0.001"/>
  <system-out>
    <![CDATA[LuckyRaj===1.0]]>
  </system-out>
  <testcase classname="com.crm.practise.MultipleDataUsingDataprovider" name="readexcel" time="0.003"/>
  <system-out>
    <![CDATA[LuckyRaj===1.0]]>
  </system-out>
  <testcase classname="com.crm.practise.MultipleDataUsingDataprovider" name="readexcel" time="0.002"/>
  <system-out>
    <![CDATA[LuckyRaj===1.0]]>
  </system-out>
  <testcase classname="com.crm.practise.MultipleDataUsingDataprovider" name="readexcel" time="0.001"/>
  <system-out>
    <![CDATA[LuckyRaj===1.0]]>
  </system-out>
  <testcase classname="com.crm.practise.MultipleDataUsingDataprovider" name="readexcel" time="0.001"/>
  <system-out>
    <![CDATA[LuckyRaj===1.0]]>
  </system-out>
  <testcase classname="com.crm.practise.MultipleDataUsingDataprovider" name="readexcel" time="0.001"/>
  <system-out>
    <![CDATA[LuckyRaj===1.0]]>
  </system-out>
  <testcase classname="com.crm.practise.MultipleDataUsingDataprovider" name="readexcel" time="0.001"/>
  <system-out>
    <![CDATA[LuckyRaj===1.0]]>
  </system-out>
  <testcase classname="com.crm.practise.MultipleDataUsingDataprovider" name="readexcel" time="0.001"/>
  <system-out>
    <![CDATA[LuckyRaj===1.0]]>
  </system-out>
  <testcase classname="com.crm.practise.MultipleDataUsingDataprovider" name="readexcel" time="0.002"/>
  <system-out>
    <![CDATA[LuckyRaj===1.0]]>
  </system-out>
  <testcase classname="com.crm.practise.MultipleDataUsingDataprovider" name="readexcel" time="0.001"/>
  <system-out>
    <![CDATA[LuckyRaj===1.0]]>
  </system-out>
  <testcase classname="com.crm.practise.MultipleDataUsingDataprovider" name="readexcel" time="0.002"/>
  <system-out>
    <![CDATA[LuckyRaj===1.0]]>
  </system-out>
  <testcase classname="com.crm.practise.MultipleDataUsingDataprovider" name="readexcel" time="0.002"/>
  <system-out>
    <![CDATA[LuckyRaj===1.0]]>
  </system-out>
  <testcase classname="com.crm.practise.MultipleDataUsingDataprovider" name="readexcel" time="0.002"/>
  <system-out>
    <![CDATA[LuckyRaj===1.0]]>
  </system-out>
  <testcase classname="com.crm.practise.MultipleDataUsingDataprovider" name="readexcel" time="0.003"/>
  <system-out>
    <![CDATA[LuckyRaj===1.0]]>
  </system-out>
  <testcase classname="com.crm.practise.MultipleDataUsingDataprovider" name="readexcel" time="0.001"/>
  <system-out>
    <![CDATA[LuckyRaj===1.0]]>
  </system-out>
  <testcase classname="com.crm.practise.MultipleDataUsingDataprovider" name="readexcel" time="0.002"/>
  <system-out>
    <![CDATA[LuckyRaj===1.0]]>
  </system-out>
  <testcase classname="com.crm.practise.MultipleDataUsingDataprovider" name="readexcel" time="0.002"/>
  <system-out>
    <![CDATA[LuckyRaj===1.0]]>
  </system-out>
  <testcase classname="com.crm.practise.MultipleDataUsingDataprovider" name="readexcel" time="0.003"/>
  <system-out>
    <![CDATA[LuckyRaj===1.0]]>
  </system-out>
  <testcase classname="com.crm.practise.MultipleDataUsingDataprovider" name="readexcel" time="0.006"/>
  <system-out>
    <![CDATA[LuckyRaj===1.0]]>
  </system-out>
  <testcase classname="com.crm.practise.MultipleDataUsingDataprovider" name="readexcel" time="0.003"/>
  <system-out>
    <![CDATA[LuckyRaj===1.0]]>
  </system-out>
  <testcase classname="com.crm.practise.MultipleDataUsingDataprovider" name="readexcel" time="0.002"/>
  <system-out>
    <![CDATA[LuckyRaj===1.0]]>
  </system-out>
  <testcase classname="com.crm.practise.MultipleDataUsingDataprovider" name="readexcel" time="0.003"/>
  <system-out>
    <![CDATA[LuckyRaj===1.0]]>
  </system-out>
  <testcase classname="com.crm.practise.MultipleDataUsingDataprovider" name="readexcel" time="0.001"/>
  <system-out>
    <![CDATA[LuckyRaj===1.0]]>
  </system-out>
  <testcase classname="com.crm.practise.MultipleDataUsingDataprovider" name="readexcel" time="0.007"/>
  <system-out>
    <![CDATA[LuckyRaj===1.0]]>
  </system-out>
  <testcase classname="com.crm.practise.MultipleDataUsingDataprovider" name="readexcel" time="0.002"/>
  <system-out>
    <![CDATA[LuckyRaj===1.0]]>
  </system-out>
  <testcase classname="com.crm.practise.MultipleDataUsingDataprovider" name="readexcel" time="0.002"/>
  <system-out>
    <![CDATA[LuckyRaj===1.0]]>
  </system-out>
</testsuite> <!-- com.crm.practise.MultipleDataUsingDataprovider -->
