<?xml version="1.0" encoding="UTF-8"?>
<!-- Generated by org.testng.reporters.JUnitReportReporter -->
<testsuite skipped="0" hostname="DESKTOP-R6Q0H6T" name="com.crm.practise.LuckyTest" tests="2" failures="0" timestamp="12 Apr 2022 11:26:36 GMT" time="70.156" errors="0">
  <testcase name="luckyTest" time="38.609" classname="com.crm.practise.LuckyTest"/>
  <testcase name="luckyTest" time="31.547" classname="com.crm.practise.LuckyTest"/>
</testsuite> <!-- com.crm.practise.LuckyTest -->
